-------------------------------------------------------------------------------
Test set: site.mtnsj.core.CoinTest
-------------------------------------------------------------------------------
Tests run: 9, Failures: 1, Errors: 0, Skipped: 0, Time elapsed: 0.003 sec <<< FAILURE! - in site.mtnsj.core.CoinTest
testToFriendlyString(site.mtnsj.core.CoinTest)  Time elapsed: 0 sec  <<< FAILURE!
org.junit.ComparisonFailure: expected:<1.00 [BTC]> but was:<1.00 [MTNS]>
	at site.mtnsj.core.CoinTest.testToFriendlyString(CoinTest.java:112)

