<?xml version="1.0" encoding="UTF-8"?>
<testsuite xmlns:xsi="http://www.w3.org/2001/XMLSchema-instance" xsi:schemaLocation="https://maven.apache.org/surefire/maven-surefire-plugin/xsd/surefire-test-report.xsd" name="site.mtnsj.core.H2FullPrunedBlockChainTest" time="1.035" tests="7" errors="4" skipped="0" failures="2">
  <properties>
[...]
</properties>
  <testcase name="testFirst100KBlocks" classname="site.mtnsj.core.H2FullPrunedBlockChainTest" time="0">
    <error type="java.lang.NullPointerException">java.lang.NullPointerException
</error>
  </testcase>
  <testcase name="testFinalizedBlocks" classname="site.mtnsj.core.H2FullPrunedBlockChainTest" time="0.513">
    <error message="Could not verify block:&#10; block: &#10;   hash: 2b44c1fbf408dcc38d841a36852029a25ae09df5d272d7c04c138c17730cf20b&#10;   version: 1&#10;   previous block: c5c1a1f8e793af670e9d7768ee8ca7188c2efd087125e585eb852a02c1a9c2bc&#10;   merkle root: 461c47e7f43138b3a89f807ad562e4172603325aa633038b4ffdc40094db76ad&#10;   time: 1559093084 (2019-05-29T01:24:44Z)&#10;   difficulty target (nBits): 545259519&#10;   nonce: 0&#10;   with 1 transaction(s):&#10;  461c47e7f43138b3a89f807ad562e4172603325aa633038b4ffdc40094db76ad&#10;     == COINBASE TXN (scriptSig PUSHDATA(2)[dd00])  (scriptPubKey PUSHDATA(33)[0308efbf808ce5d545b76cf485f3866b91e1872e43daf8bafa4a4165d8fa6c44d8] CHECKSIG)&#10;" type="site.mtnsj.core.VerificationException">site.mtnsj.core.VerificationException: 
Could not verify block:
 block: 
   hash: 2b44c1fbf408dcc38d841a36852029a25ae09df5d272d7c04c138c17730cf20b
   version: 1
   previous block: c5c1a1f8e793af670e9d7768ee8ca7188c2efd087125e585eb852a02c1a9c2bc
   merkle root: 461c47e7f43138b3a89f807ad562e4172603325aa633038b4ffdc40094db76ad
   time: 1559093084 (2019-05-29T01:24:44Z)
   difficulty target (nBits): 545259519
   nonce: 0
   with 1 transaction(s):
  461c47e7f43138b3a89f807ad562e4172603325aa633038b4ffdc40094db76ad
     == COINBASE TXN (scriptSig PUSHDATA(2)[dd00])  (scriptPubKey PUSHDATA(33)[0308efbf808ce5d545b76cf485f3866b91e1872e43daf8bafa4a4165d8fa6c44d8] CHECKSIG)

Caused by: site.mtnsj.core.VerificationException: Transaction fees out of range
</error>
    <system-out><![CDATA[Starting reading transaction cursor offset: 0
Starting reading transaction cursor offset: 0
Starting reading transaction cursor offset: 0
]]></system-out>
  </testcase>
  <testcase name="missingHeightFromCoinbase" classname="site.mtnsj.core.H2FullPrunedBlockChainTest" time="0.041">
    <error message="Transaction fees out of range" type="site.mtnsj.core.VerificationException">site.mtnsj.core.VerificationException: Transaction fees out of range
</error>
    <system-out><![CDATA[Starting reading transaction cursor offset: 4
Starting reading transaction cursor offset: 4
Starting reading transaction cursor offset: 4
Starting reading transaction cursor offset: 4
Starting reading transaction cursor offset: 4
Starting reading transaction cursor offset: 4
]]></system-out>
  </testcase>
  <testcase name="testGetOpenTransactionOutputs" classname="site.mtnsj.core.H2FullPrunedBlockChainTest" time="0.014">
    <failure message="Wrong Number of Outputs expected:&lt;1&gt; but was:&lt;0&gt;" type="java.lang.AssertionError"><![CDATA[java.lang.AssertionError: Wrong Number of Outputs expected:<1> but was:<0>
]]></failure>
    <system-out><![CDATA[Starting reading transaction cursor offset: 0
]]></system-out>
  </testcase>
  <testcase name="skipScripts" classname="site.mtnsj.core.H2FullPrunedBlockChainTest" time="0.015"/>
  <testcase name="testGeneratedChain" classname="site.mtnsj.core.H2FullPrunedBlockChainTest" time="0.411">
    <failure type="java.lang.AssertionError">java.lang.AssertionError
</failure>
    <system-out><![CDATA[Starting reading transaction cursor offset: 0
Starting reading transaction cursor offset: 0
Starting reading transaction cursor offset: 0
Starting reading transaction cursor offset: 0
Starting reading transaction cursor offset: 0
Starting reading transaction cursor offset: 0
Starting reading transaction cursor offset: 0
Starting reading transaction cursor offset: 0
Starting reading transaction cursor offset: 0
Starting reading transaction cursor offset: 0
Starting reading transaction cursor offset: 0
Starting reading transaction cursor offset: 0
Starting reading transaction cursor offset: 0
Starting reading transaction cursor offset: 0
Starting reading transaction cursor offset: 0
Starting reading transaction cursor offset: 0
Starting reading transaction cursor offset: 0
Starting reading transaction cursor offset: 0
Starting reading transaction cursor offset: 0
Starting reading transaction cursor offset: 0
Starting reading transaction cursor offset: 0
Starting reading transaction cursor offset: 0
Starting reading transaction cursor offset: 0
Starting reading transaction cursor offset: 0
Starting reading transaction cursor offset: 0
Starting reading transaction cursor offset: 0
Starting reading transaction cursor offset: 0
Starting reading transaction cursor offset: 0
Starting reading transaction cursor offset: 0
Starting reading transaction cursor offset: 0
Starting reading transaction cursor offset: 0
Starting reading transaction cursor offset: 0
Starting reading transaction cursor offset: 0
Starting reading transaction cursor offset: 0
Starting reading transaction cursor offset: 0
Starting reading transaction cursor offset: 0
Starting reading transaction cursor offset: 0
Starting reading transaction cursor offset: 0
Starting reading transaction cursor offset: 0
Starting reading transaction cursor offset: 0
Starting reading transaction cursor offset: 0
Starting reading transaction cursor offset: 0
Starting reading transaction cursor offset: 0
Starting reading transaction cursor offset: 0
Starting reading transaction cursor offset: 0
Starting reading transaction cursor offset: 0
Starting reading transaction cursor offset: 0
Starting reading transaction cursor offset: 0
Starting reading transaction cursor offset: 0
Starting reading transaction cursor offset: 0
Starting reading transaction cursor offset: 0
Starting reading transaction cursor offset: 0
Starting reading transaction cursor offset: 0
Starting reading transaction cursor offset: 0
Starting reading transaction cursor offset: 0
Starting reading transaction cursor offset: 0
Starting reading transaction cursor offset: 81
Starting reading transaction cursor offset: 181
Starting reading transaction cursor offset: 326
Starting reading transaction cursor offset: 0
Starting reading transaction cursor offset: 81
Starting reading transaction cursor offset: 181
Starting reading transaction cursor offset: 326
Starting reading transaction cursor offset: 388
Starting reading transaction cursor offset: 450
Starting reading transaction cursor offset: 512
Starting reading transaction cursor offset: 0
Starting reading transaction cursor offset: 0
Starting reading transaction cursor offset: 0
Starting reading transaction cursor offset: 0
Starting reading transaction cursor offset: 0
Starting reading transaction cursor offset: 0
REading varInt 64 bits
REading varInt 64 bits
Starting reading transaction cursor offset: 89
Starting reading transaction cursor offset: 189
Starting reading transaction cursor offset: 333
Starting reading transaction cursor offset: 0
Starting reading transaction cursor offset: 0
Starting reading transaction cursor offset: 0
Starting reading transaction cursor offset: 0
Starting reading transaction cursor offset: 0
Starting reading transaction cursor offset: 0
Starting reading transaction cursor offset: 0
Starting reading transaction cursor offset: 81
Starting reading transaction cursor offset: 181
Starting reading transaction cursor offset: 326
Starting reading transaction cursor offset: 0
Starting reading transaction cursor offset: 0
Starting reading transaction cursor offset: 0
Starting reading transaction cursor offset: 0
Starting reading transaction cursor offset: 0
Starting reading transaction cursor offset: 0
Starting reading transaction cursor offset: 0
Starting reading transaction cursor offset: 0
Starting reading transaction cursor offset: 0
Starting reading transaction cursor offset: 0
Starting reading transaction cursor offset: 0
Starting reading transaction cursor offset: 0
Starting reading transaction cursor offset: 0
Starting reading transaction cursor offset: 0
Starting reading transaction cursor offset: 0
Starting reading transaction cursor offset: 0
Starting reading transaction cursor offset: 0
]]></system-out>
  </testcase>
  <testcase name="testUTXOProviderWithWallet" classname="site.mtnsj.core.H2FullPrunedBlockChainTest" time="0.039">
    <error message="Insufficient money,  missing 0.50 MTNS" type="site.mtnsj.core.InsufficientMoneyException">site.mtnsj.core.InsufficientMoneyException: Insufficient money,  missing 0.50 MTNS
</error>
    <system-out><![CDATA[MnemonicCode class: [brown, fragile, bring, draft, dune, cycle, slender, update, body, pretty, month, twelve], passphrase: , 
toSeed: 2a4cc11f08e7dc7b999fcd336bd4e2ea7599f78a84993c5b03f2e4dc142531b8165279ad1b32187fb866a7a6452f6985883908f861cf8de8274f0bd81b7110d8
Starting reading transaction cursor offset: 0
]]></system-out>
  </testcase>
</testsuite>