<?xml version="1.0" encoding="UTF-8"?>
<testsuite xmlns:xsi="http://www.w3.org/2001/XMLSchema-instance" xsi:schemaLocation="https://maven.apache.org/surefire/maven-surefire-plugin/xsd/surefire-test-report.xsd" name="site.mtnsj.core.LevelDBFullPrunedBlockChainTest" time="0.989" tests="7" errors="7" skipped="0" failures="0">
  <properties>
[...]
</properties>
  <testcase name="testFirst100KBlocks" classname="site.mtnsj.core.LevelDBFullPrunedBlockChainTest" time="0">
    <error type="java.lang.NullPointerException">java.lang.NullPointerException
</error>
  </testcase>
  <testcase name="testFinalizedBlocks" classname="site.mtnsj.core.LevelDBFullPrunedBlockChainTest" time="0.188">
    <error message="Could not verify block:&#10; block: &#10;   hash: 57f6fd9afe0d3f33c1dc4eb78ddf915e85732c4f67f17c019695e873bfe5e770&#10;   version: 1&#10;   previous block: 6de03fdf7a8db6579708dcb8796954f6803867707beedeada913fc60943a9cec&#10;   merkle root: f85ba6cda2ad636d938ea7c09399d7171b37a85958505731227317cc36ce0f7c&#10;   time: 1559093084 (2019-05-29T01:24:44Z)&#10;   difficulty target (nBits): 545259519&#10;   nonce: 0&#10;   with 1 transaction(s):&#10;  f85ba6cda2ad636d938ea7c09399d7171b37a85958505731227317cc36ce0f7c&#10;     == COINBASE TXN (scriptSig PUSHDATA(2)[5701])  (scriptPubKey PUSHDATA(33)[0308efbf808ce5d545b76cf485f3866b91e1872e43daf8bafa4a4165d8fa6c44d8] CHECKSIG)&#10;" type="site.mtnsj.core.VerificationException">site.mtnsj.core.VerificationException: 
Could not verify block:
 block: 
   hash: 57f6fd9afe0d3f33c1dc4eb78ddf915e85732c4f67f17c019695e873bfe5e770
   version: 1
   previous block: 6de03fdf7a8db6579708dcb8796954f6803867707beedeada913fc60943a9cec
   merkle root: f85ba6cda2ad636d938ea7c09399d7171b37a85958505731227317cc36ce0f7c
   time: 1559093084 (2019-05-29T01:24:44Z)
   difficulty target (nBits): 545259519
   nonce: 0
   with 1 transaction(s):
  f85ba6cda2ad636d938ea7c09399d7171b37a85958505731227317cc36ce0f7c
     == COINBASE TXN (scriptSig PUSHDATA(2)[5701])  (scriptPubKey PUSHDATA(33)[0308efbf808ce5d545b76cf485f3866b91e1872e43daf8bafa4a4165d8fa6c44d8] CHECKSIG)

Caused by: site.mtnsj.core.VerificationException: Transaction fees out of range
</error>
    <system-out><![CDATA[Starting reading transaction cursor offset: 0
Starting reading transaction cursor offset: 0
Starting reading transaction cursor offset: 0
]]></system-out>
  </testcase>
  <testcase name="missingHeightFromCoinbase" classname="site.mtnsj.core.LevelDBFullPrunedBlockChainTest" time="0.132">
    <error message="Can not open DB" type="java.lang.RuntimeException">java.lang.RuntimeException: Can not open DB
	at site.mtnsj.core.LevelDBFullPrunedBlockChainTest.createStore(LevelDBFullPrunedBlockChainTest.java:40)
Caused by: org.fusesource.leveldbjni.internal.NativeDB$DBException: IO error: lock /mnt/c/deps/wallet/MTNSj/core/test-leveldb/LOCK: already held by process
	at site.mtnsj.core.LevelDBFullPrunedBlockChainTest.createStore(LevelDBFullPrunedBlockChainTest.java:40)
</error>
  </testcase>
  <testcase name="testGetOpenTransactionOutputs" classname="site.mtnsj.core.LevelDBFullPrunedBlockChainTest" time="0.129">
    <error message="Can not open DB" type="java.lang.RuntimeException">java.lang.RuntimeException: Can not open DB
	at site.mtnsj.core.LevelDBFullPrunedBlockChainTest.createStore(LevelDBFullPrunedBlockChainTest.java:40)
Caused by: org.fusesource.leveldbjni.internal.NativeDB$DBException: IO error: lock /mnt/c/deps/wallet/MTNSj/core/test-leveldb/LOCK: already held by process
	at site.mtnsj.core.LevelDBFullPrunedBlockChainTest.createStore(LevelDBFullPrunedBlockChainTest.java:40)
</error>
  </testcase>
  <testcase name="skipScripts" classname="site.mtnsj.core.LevelDBFullPrunedBlockChainTest" time="0.134">
    <error message="Can not open DB" type="java.lang.RuntimeException">java.lang.RuntimeException: Can not open DB
	at site.mtnsj.core.LevelDBFullPrunedBlockChainTest.createStore(LevelDBFullPrunedBlockChainTest.java:40)
Caused by: org.fusesource.leveldbjni.internal.NativeDB$DBException: IO error: lock /mnt/c/deps/wallet/MTNSj/core/test-leveldb/LOCK: already held by process
	at site.mtnsj.core.LevelDBFullPrunedBlockChainTest.createStore(LevelDBFullPrunedBlockChainTest.java:40)
</error>
  </testcase>
  <testcase name="testGeneratedChain" classname="site.mtnsj.core.LevelDBFullPrunedBlockChainTest" time="0.381">
    <error message="Can not open DB" type="java.lang.RuntimeException">java.lang.RuntimeException: Can not open DB
	at site.mtnsj.core.LevelDBFullPrunedBlockChainTest.createStore(LevelDBFullPrunedBlockChainTest.java:40)
Caused by: org.fusesource.leveldbjni.internal.NativeDB$DBException: IO error: lock /mnt/c/deps/wallet/MTNSj/core/test-leveldb/LOCK: already held by process
	at site.mtnsj.core.LevelDBFullPrunedBlockChainTest.createStore(LevelDBFullPrunedBlockChainTest.java:40)
</error>
    <system-out><![CDATA[Starting reading transaction cursor offset: 0
Starting reading transaction cursor offset: 0
Starting reading transaction cursor offset: 0
Starting reading transaction cursor offset: 0
Starting reading transaction cursor offset: 0
Starting reading transaction cursor offset: 0
Starting reading transaction cursor offset: 0
Starting reading transaction cursor offset: 0
Starting reading transaction cursor offset: 0
Starting reading transaction cursor offset: 0
Starting reading transaction cursor offset: 0
Starting reading transaction cursor offset: 0
Starting reading transaction cursor offset: 0
Starting reading transaction cursor offset: 0
Starting reading transaction cursor offset: 0
Starting reading transaction cursor offset: 0
Starting reading transaction cursor offset: 0
Starting reading transaction cursor offset: 0
Starting reading transaction cursor offset: 0
Starting reading transaction cursor offset: 0
Starting reading transaction cursor offset: 0
Starting reading transaction cursor offset: 0
Starting reading transaction cursor offset: 0
Starting reading transaction cursor offset: 0
Starting reading transaction cursor offset: 0
Starting reading transaction cursor offset: 0
Starting reading transaction cursor offset: 0
Starting reading transaction cursor offset: 0
Starting reading transaction cursor offset: 0
Starting reading transaction cursor offset: 0
Starting reading transaction cursor offset: 0
Starting reading transaction cursor offset: 0
Starting reading transaction cursor offset: 0
Starting reading transaction cursor offset: 0
Starting reading transaction cursor offset: 0
Starting reading transaction cursor offset: 0
Starting reading transaction cursor offset: 0
Starting reading transaction cursor offset: 0
Starting reading transaction cursor offset: 0
Starting reading transaction cursor offset: 0
Starting reading transaction cursor offset: 0
Starting reading transaction cursor offset: 0
Starting reading transaction cursor offset: 0
Starting reading transaction cursor offset: 0
Starting reading transaction cursor offset: 0
Starting reading transaction cursor offset: 0
Starting reading transaction cursor offset: 0
Starting reading transaction cursor offset: 0
Starting reading transaction cursor offset: 0
Starting reading transaction cursor offset: 0
Starting reading transaction cursor offset: 0
Starting reading transaction cursor offset: 0
Starting reading transaction cursor offset: 0
Starting reading transaction cursor offset: 0
Starting reading transaction cursor offset: 0
Starting reading transaction cursor offset: 0
Starting reading transaction cursor offset: 81
Starting reading transaction cursor offset: 181
Starting reading transaction cursor offset: 325
Starting reading transaction cursor offset: 0
Starting reading transaction cursor offset: 81
Starting reading transaction cursor offset: 181
Starting reading transaction cursor offset: 326
Starting reading transaction cursor offset: 388
Starting reading transaction cursor offset: 450
Starting reading transaction cursor offset: 512
Starting reading transaction cursor offset: 0
Starting reading transaction cursor offset: 0
Starting reading transaction cursor offset: 0
Starting reading transaction cursor offset: 0
Starting reading transaction cursor offset: 0
Starting reading transaction cursor offset: 0
REading varInt 64 bits
REading varInt 64 bits
Starting reading transaction cursor offset: 89
Starting reading transaction cursor offset: 189
Starting reading transaction cursor offset: 334
Starting reading transaction cursor offset: 0
Starting reading transaction cursor offset: 0
Starting reading transaction cursor offset: 0
Starting reading transaction cursor offset: 0
Starting reading transaction cursor offset: 0
Starting reading transaction cursor offset: 0
Starting reading transaction cursor offset: 0
Starting reading transaction cursor offset: 81
Starting reading transaction cursor offset: 181
Starting reading transaction cursor offset: 326
Starting reading transaction cursor offset: 0
Starting reading transaction cursor offset: 0
Starting reading transaction cursor offset: 0
Starting reading transaction cursor offset: 0
Starting reading transaction cursor offset: 0
Starting reading transaction cursor offset: 0
Starting reading transaction cursor offset: 0
Starting reading transaction cursor offset: 0
Starting reading transaction cursor offset: 0
Starting reading transaction cursor offset: 0
Starting reading transaction cursor offset: 0
Starting reading transaction cursor offset: 0
Starting reading transaction cursor offset: 0
Starting reading transaction cursor offset: 0
Starting reading transaction cursor offset: 0
Starting reading transaction cursor offset: 0
Starting reading transaction cursor offset: 0
]]></system-out>
  </testcase>
  <testcase name="testUTXOProviderWithWallet" classname="site.mtnsj.core.LevelDBFullPrunedBlockChainTest" time="0.025">
    <error message="Can not open DB" type="java.lang.RuntimeException">java.lang.RuntimeException: Can not open DB
	at site.mtnsj.core.LevelDBFullPrunedBlockChainTest.createStore(LevelDBFullPrunedBlockChainTest.java:40)
Caused by: org.fusesource.leveldbjni.internal.NativeDB$DBException: IO error: lock /mnt/c/deps/wallet/MTNSj/core/test-leveldb/LOCK: already held by process
	at site.mtnsj.core.LevelDBFullPrunedBlockChainTest.createStore(LevelDBFullPrunedBlockChainTest.java:40)
</error>
  </testcase>
</testsuite>