<?xml version="1.0" encoding="UTF-8"?>
<testsuite xmlns:xsi="http://www.w3.org/2001/XMLSchema-instance" xsi:schemaLocation="https://maven.apache.org/surefire/maven-surefire-plugin/xsd/surefire-test-report.xsd" name="site.mtnsj.core.BlockTest" time="0.08" tests="12" errors="3" skipped="0" failures="3">
  <properties>
[...]
</properties>
  <testcase name="testBadTransactions" classname="site.mtnsj.core.BlockTest" time="0.014"/>
  <testcase name="testReceiveCoinbaseTransaction" classname="site.mtnsj.core.BlockTest" time="0">
    <error type="java.lang.NullPointerException">java.lang.NullPointerException
	at site.mtnsj.core.BlockTest.testReceiveCoinbaseTransaction(BlockTest.java:224)
</error>
  </testcase>
  <testcase name="isBIPs" classname="site.mtnsj.core.BlockTest" time="0">
    <error type="java.lang.NullPointerException">java.lang.NullPointerException
	at site.mtnsj.core.BlockTest.isBIPs(BlockTest.java:263)
</error>
  </testcase>
  <testcase name="testProofOfWork" classname="site.mtnsj.core.BlockTest" time="0.014">
    <failure type="java.lang.AssertionError">java.lang.AssertionError
	at site.mtnsj.core.BlockTest.testProofOfWork(BlockTest.java:95)
</failure>
    <system-out><![CDATA[Starting reading transaction cursor offset: 81
Starting reading transaction cursor offset: 215
Starting reading transaction cursor offset: 473
Starting reading transaction cursor offset: 730
Starting reading transaction cursor offset: 988
Starting reading transaction cursor offset: 1246
Starting reading transaction cursor offset: 1504
Starting reading transaction cursor offset: 1727
Starting reading transaction cursor offset: 1985
Starting reading transaction cursor offset: 2242
Starting reading transaction cursor offset: 2466
Starting reading transaction cursor offset: 2725
]]></system-out>
  </testcase>
  <testcase name="testDate" classname="site.mtnsj.core.BlockTest" time="0.012"/>
  <testcase name="testWork" classname="site.mtnsj.core.BlockTest" time="0">
    <failure message="expected:&lt;536879104&gt; but was:&lt;1048577&gt;" type="java.lang.AssertionError"><![CDATA[java.lang.AssertionError: expected:<536879104> but was:<1048577>
	at site.mtnsj.core.BlockTest.testWork(BlockTest.java:70)
]]></failure>
  </testcase>
  <testcase name="testCoinbaseHeightTestnet" classname="site.mtnsj.core.BlockTest" time="0">
    <error type="java.lang.NullPointerException">java.lang.NullPointerException
	at site.mtnsj.core.BlockTest.testCoinbaseHeightTestnet(BlockTest.java:192)
</error>
  </testcase>
  <testcase name="testUpdateLength" classname="site.mtnsj.core.BlockTest" time="0"/>
  <testcase name="testBitcoinSerialization" classname="site.mtnsj.core.BlockTest" time="0.013"/>
  <testcase name="testHeaderParse" classname="site.mtnsj.core.BlockTest" time="0.015"/>
  <testcase name="testBlockVerification" classname="site.mtnsj.core.BlockTest" time="0.011">
    <failure message="expected:&lt;[00000000a6e5eb79dcec11897af55e90cd571a4335383a3ccfbc12ec81085935]&gt; but was:&lt;[a3b59aa2e018b01697e362be9c854ce482e9e8d56a66e3392f2ea53bda6fb046]&gt;" type="org.junit.ComparisonFailure"><![CDATA[org.junit.ComparisonFailure: expected:<[00000000a6e5eb79dcec11897af55e90cd571a4335383a3ccfbc12ec81085935]> but was:<[a3b59aa2e018b01697e362be9c854ce482e9e8d56a66e3392f2ea53bda6fb046]>
	at site.mtnsj.core.BlockTest.testBlockVerification(BlockTest.java:77)
]]></failure>
    <system-out><![CDATA[Starting reading transaction cursor offset: 81
Starting reading transaction cursor offset: 215
Starting reading transaction cursor offset: 473
Starting reading transaction cursor offset: 730
Starting reading transaction cursor offset: 988
Starting reading transaction cursor offset: 1246
Starting reading transaction cursor offset: 1504
Starting reading transaction cursor offset: 1727
Starting reading transaction cursor offset: 1985
Starting reading transaction cursor offset: 2242
Starting reading transaction cursor offset: 2466
Starting reading transaction cursor offset: 2725
]]></system-out>
  </testcase>
  <testcase name="genesisBlockTest" classname="site.mtnsj.core.BlockTest" time="0"/>
</testsuite>