<?xml version="1.0" encoding="UTF-8"?>
<testsuite xmlns:xsi="http://www.w3.org/2001/XMLSchema-instance" xsi:schemaLocation="https://maven.apache.org/surefire/maven-surefire-plugin/xsd/surefire-test-report.xsd" name="site.mtnsj.core.MainBlockTest" time="0.004" tests="1" errors="0" skipped="0" failures="1">
  <properties>
[...]
</properties>
  <testcase name="testBasicChaining" classname="site.mtnsj.core.MainBlockTest" time="0.003">
    <failure message="expected:&lt;[00000000018a62703f054b6741d370670a94da204ba794a475d9e60ed0cf1095]&gt; but was:&lt;[ca67046474a26378c7a9af39180841be17a8434f3eb41e742e92033db7559751]&gt;" type="org.junit.ComparisonFailure"><![CDATA[org.junit.ComparisonFailure: expected:<[00000000018a62703f054b6741d370670a94da204ba794a475d9e60ed0cf1095]> but was:<[ca67046474a26378c7a9af39180841be17a8434f3eb41e742e92033db7559751]>
	at site.mtnsj.core.MainBlockTest.getBlock1(MainBlockTest.java:129)
	at site.mtnsj.core.MainBlockTest.testBasicChaining(MainBlockTest.java:77)
]]></failure>
    <system-out><![CDATA[MnemonicCode class: [tone, doctor, slow, chase, cloth, frog, globe, cushion, tag, enact, act, gossip], passphrase: , 
toSeed: 293cd78fa32e67a1e748baeed53c2da2a29852740042a97672c41d6edb9b882eabfff3ec23c40c0e0a349da65d9f41557cc75ace3aee3e31f84ce3c25beb4d1b
MnemonicCode class: [soldier, federal, whip, glare, flock, hair, initial, cruel, very, educate, panic, arm], passphrase: , 
toSeed: b6362e6da0d3b92934c201c356b1947626b224a1c9571c9f1db6fed2359b6309d10dc52e590b901c7b6e2d241ee02077cb6e128368c18d5bc2c5091a76fc535a
]]></system-out>
  </testcase>
</testsuite>