<?xml version="1.0" encoding="UTF-8"?>
<testsuite xmlns:xsi="http://www.w3.org/2001/XMLSchema-instance" xsi:schemaLocation="https://maven.apache.org/surefire/maven-surefire-plugin/xsd/surefire-test-report.xsd" name="site.mtnsj.core.AddressTest" time="0.482" tests="15" errors="12" skipped="0" failures="2">
  <properties>
[...]
</properties>
  <testcase name="comparisonGreaterThan" classname="site.mtnsj.core.AddressTest" time="0.015">
    <error message="Version code of address did not match acceptable versions for network: 0 not in [63, 8]" type="site.mtnsj.core.WrongNetworkException">site.mtnsj.core.WrongNetworkException: Version code of address did not match acceptable versions for network: 0 not in [63, 8]
	at site.mtnsj.core.AddressTest.comparisonGreaterThan(AddressTest.java:241)
</error>
  </testcase>
  <testcase name="comparisonEqualTo" classname="site.mtnsj.core.AddressTest" time="0.001">
    <error message="Version code of address did not match acceptable versions for network: 0 not in [63, 8]" type="site.mtnsj.core.WrongNetworkException">site.mtnsj.core.WrongNetworkException: Version code of address did not match acceptable versions for network: 0 not in [63, 8]
	at site.mtnsj.core.AddressTest.comparisonEqualTo(AddressTest.java:223)
</error>
  </testcase>
  <testcase name="getNetwork" classname="site.mtnsj.core.AddressTest" time="0.03">
    <error message="No network found for MvRLbC1q5zq3SMCa5vBDy14hVGVEuo5uSw" type="site.mtnsj.core.AddressFormatException">site.mtnsj.core.AddressFormatException: No network found for MvRLbC1q5zq3SMCa5vBDy14hVGVEuo5uSw
	at site.mtnsj.core.AddressTest.getNetwork(AddressTest.java:117)
</error>
  </testcase>
  <testcase name="testJavaSerialization" classname="site.mtnsj.core.AddressTest" time="0.001">
    <error message="Version code of address did not match acceptable versions for network: 111 not in [83, 18]" type="site.mtnsj.core.WrongNetworkException">site.mtnsj.core.WrongNetworkException: Version code of address did not match acceptable versions for network: 111 not in [83, 18]
	at site.mtnsj.core.AddressTest.testJavaSerialization(AddressTest.java:43)
</error>
  </testcase>
  <testcase name="p2shAddressCreationFromKeys" classname="site.mtnsj.core.AddressTest" time="0.002">
    <error message="Version code of address did not match acceptable versions for network: 128 not in [191]" type="site.mtnsj.core.WrongNetworkException">site.mtnsj.core.WrongNetworkException: Version code of address did not match acceptable versions for network: 128 not in [191]
	at site.mtnsj.core.AddressTest.p2shAddressCreationFromKeys(AddressTest.java:184)
</error>
  </testcase>
  <testcase name="p2shAddress" classname="site.mtnsj.core.AddressTest" time="0.001">
    <error message="Version code of address did not match acceptable versions for network: 5 not in [63, 8]" type="site.mtnsj.core.WrongNetworkException">site.mtnsj.core.WrongNetworkException: Version code of address did not match acceptable versions for network: 5 not in [63, 8]
	at site.mtnsj.core.AddressTest.p2shAddress(AddressTest.java:158)
</error>
  </testcase>
  <testcase name="stringification" classname="site.mtnsj.core.AddressTest" time="0.004">
    <failure message="expected:&lt;[n4eA2nbYqErp7H6jebchxAN59DmNpksexv]&gt; but was:&lt;[aoBGTkFUxBtHD9CJxrHnNek3X6YxqaoVbP]&gt;" type="org.junit.ComparisonFailure"><![CDATA[org.junit.ComparisonFailure: expected:<[n4eA2nbYqErp7H6jebchxAN59DmNpksexv]> but was:<[aoBGTkFUxBtHD9CJxrHnNek3X6YxqaoVbP]>
	at site.mtnsj.core.AddressTest.stringification(AddressTest.java:63)
]]></failure>
  </testcase>
  <testcase name="getAltNetwork" classname="site.mtnsj.core.AddressTest" time="0.013">
    <error message="No network found for 17kzeh4N8g49GFvdDzSf8PjaPfyoD1MndL" type="site.mtnsj.core.AddressFormatException">site.mtnsj.core.AddressFormatException: No network found for 17kzeh4N8g49GFvdDzSf8PjaPfyoD1MndL
	at site.mtnsj.core.AddressTest.getAltNetwork(AddressTest.java:145)
</error>
  </testcase>
  <testcase name="decoding" classname="site.mtnsj.core.AddressTest" time="0.001">
    <error message="Version code of address did not match acceptable versions for network: 111 not in [83, 18]" type="site.mtnsj.core.WrongNetworkException">site.mtnsj.core.WrongNetworkException: Version code of address did not match acceptable versions for network: 111 not in [83, 18]
	at site.mtnsj.core.AddressTest.decoding(AddressTest.java:74)
</error>
  </testcase>
  <testcase name="cloning" classname="site.mtnsj.core.AddressTest" time="0"/>
  <testcase name="comparisonCloneEqualTo" classname="site.mtnsj.core.AddressTest" time="0.001">
    <error message="Version code of address did not match acceptable versions for network: 0 not in [63, 8]" type="site.mtnsj.core.WrongNetworkException">site.mtnsj.core.WrongNetworkException: Version code of address did not match acceptable versions for network: 0 not in [63, 8]
	at site.mtnsj.core.AddressTest.comparisonCloneEqualTo(AddressTest.java:214)
</error>
  </testcase>
  <testcase name="comparisonLessThan" classname="site.mtnsj.core.AddressTest" time="0.001">
    <error message="Version code of address did not match acceptable versions for network: 0 not in [63, 8]" type="site.mtnsj.core.WrongNetworkException">site.mtnsj.core.WrongNetworkException: Version code of address did not match acceptable versions for network: 0 not in [63, 8]
	at site.mtnsj.core.AddressTest.comparisonLessThan(AddressTest.java:232)
</error>
  </testcase>
  <testcase name="roundtripBase58" classname="site.mtnsj.core.AddressTest" time="0">
    <error message="No network found for 17kzeh4N8g49GFvdDzSf8PjaPfyoD1MndL" type="site.mtnsj.core.AddressFormatException">site.mtnsj.core.AddressFormatException: No network found for 17kzeh4N8g49GFvdDzSf8PjaPfyoD1MndL
	at site.mtnsj.core.AddressTest.roundtripBase58(AddressTest.java:209)
</error>
  </testcase>
  <testcase name="errorPaths" classname="site.mtnsj.core.AddressTest" time="0">
    <failure message="expected:&lt;0&gt; but was:&lt;63&gt;" type="java.lang.AssertionError"><![CDATA[java.lang.AssertionError: expected:<0> but was:<63>
	at site.mtnsj.core.AddressTest.errorPaths(AddressTest.java:108)
]]></failure>
  </testcase>
  <testcase name="comparisonBytesVsString" classname="site.mtnsj.core.AddressTest" time="0.001">
    <error message="Version code of address did not match acceptable versions for network: 0 not in [63, 8]" type="site.mtnsj.core.WrongNetworkException">site.mtnsj.core.WrongNetworkException: Version code of address did not match acceptable versions for network: 0 not in [63, 8]
	at site.mtnsj.core.AddressTest.comparisonBytesVsString(AddressTest.java:251)
</error>
  </testcase>
</testsuite>